<?xml version="1.0" encoding="UTF-8"?>
<testsuite xmlns:xsi="http://www.w3.org/2001/XMLSchema-instance" xsi:noNamespaceSchemaLocation="https://maven.apache.org/surefire/maven-surefire-plugin/xsd/surefire-test-report.xsd" version="3.0.2" name="org.iceo.apilayer.test.suites.FixerTests" time="2.843" tests="4" errors="0" skipped="0" failures="0">
  <properties>
[...]
</properties>
  <testcase name="200 - Get the latest rates with default values | HAPPY PATH" classname="GET_latest" time="0.911">
    <system-out><![CDATA[
@Fixer
Scenario: 200 - Get the latest rates with default values | HAPPY PATH &amp#27;[90m# src/test/resources/features/fixer/latest.feature:6&amp#27;[0m
  &amp#27;[32mGiven &amp#27;[0m&amp#27;[32mI have a valid API key as a user&amp#27;[0m                              &amp#27;[90m# org.iceo.apilayer.steps.GetLatestSteps.iHaveAValidApiKeyAsUser()&amp#27;[0m
  &amp#27;[32mWhen &amp#27;[0m&amp#27;[32mI call GET_latest endpoint: &amp#27;[0m&amp#27;[32m&amp#27;[1m/latest&amp#27;[0m                            &amp#27;[90m# org.iceo.apilayer.steps.GetLatestSteps.iCallGetLatestEndpoint(java.lang.String)&amp#27;[0m
  &amp#27;[32mThen &amp#27;[0m&amp#27;[32mI receive &amp#27;[0m&amp#27;[32m&amp#27;[1m200&amp#27;[0m&amp#27;[32m code&amp#27;[0m                                             &amp#27;[90m# org.iceo.apilayer.steps.GetLatestSteps.iReceiveCode(int)&amp#27;[0m
  &amp#27;[32mAnd &amp#27;[0m&amp#27;[32mdefault schema response body matches model from documentation&amp#27;[0m   &amp#27;[90m# org.iceo.apilayer.steps.GetLatestSteps.defaultSchemaResponseBodyMatchesModelFromDocumentation()&amp#27;[0m
]]></system-out>
  </testcase>
  <testcase name="200 - Get the latest rate for EUR-GBP | HAPPY PATH" classname="GET_latest" time="0.584">
    <system-out><![CDATA[
@Fixer
Scenario: 200 - Get the latest rate for EUR-GBP | HAPPY PATH          &amp#27;[90m# src/test/resources/features/fixer/latest.feature:12&amp#27;[0m
  &amp#27;[32mGiven &amp#27;[0m&amp#27;[32mI have a valid API key as a user&amp#27;[0m                              &amp#27;[90m# org.iceo.apilayer.steps.GetLatestSteps.iHaveAValidApiKeyAsUser()&amp#27;[0m
  &amp#27;[32mWhen &amp#27;[0m&amp#27;[32mI call GET_latest endpoint &amp#27;[0m&amp#27;[32m&amp#27;[1m/latest&amp#27;[0m&amp#27;[32m with query (nulls ignored):&amp#27;[0m &amp#27;[90m# org.iceo.apilayer.steps.GetLatestSteps.iCallGetLatestEndpointWithQuery(java.lang.String,org.iceo.apilayer.http.models.requests.GetLatestInput)&amp#27;[0m
    | base | symbols |
    | EUR  | GBP     |
  &amp#27;[32mThen &amp#27;[0m&amp#27;[32mI receive &amp#27;[0m&amp#27;[32m&amp#27;[1m200&amp#27;[0m&amp#27;[32m code&amp#27;[0m                                             &amp#27;[90m# org.iceo.apilayer.steps.GetLatestSteps.iReceiveCode(int)&amp#27;[0m
  &amp#27;[32mAnd &amp#27;[0m&amp#27;[32mdefault schema response body matches model from documentation&amp#27;[0m   &amp#27;[90m# org.iceo.apilayer.steps.GetLatestSteps.defaultSchemaResponseBodyMatchesModelFromDocumentation()&amp#27;[0m
]]></system-out>
  </testcase>
  <testcase name="200 - Invalid query parameters for GET /latest | SAD PATH" classname="GET_latest" time="0.439">
    <system-out><![CDATA[
@Fixer
Scenario: 200 - Invalid query parameters for GET /latest | SAD PATH                                &amp#27;[90m# src/test/resources/features/fixer/latest.feature:20&amp#27;[0m
  &amp#27;[32mGiven &amp#27;[0m&amp#27;[32mI have a valid API key as a user&amp#27;[0m                                                           &amp#27;[90m# org.iceo.apilayer.steps.GetLatestSteps.iHaveAValidApiKeyAsUser()&amp#27;[0m
  &amp#27;[32mWhen &amp#27;[0m&amp#27;[32mI call GET_latest endpoint &amp#27;[0m&amp#27;[32m&amp#27;[1m/latest&amp#27;[0m&amp#27;[32m with query with non existent base param (nulls ignored):&amp#27;[0m &amp#27;[90m# org.iceo.apilayer.steps.GetLatestSteps.iCallGetLatestEndpointWithQueryWithNonExistBase(java.lang.String,org.iceo.apilayer.http.models.requests.GetLatestInput)&amp#27;[0m
    | base | symbols |
    | AAA  | GBP     |
  &amp#27;[32mThen &amp#27;[0m&amp#27;[32mI receive &amp#27;[0m&amp#27;[32m&amp#27;[1m200&amp#27;[0m&amp#27;[32m code&amp#27;[0m                                                                          &amp#27;[90m# org.iceo.apilayer.steps.GetLatestSteps.iReceiveCode(int)&amp#27;[0m
  &amp#27;[32mAnd &amp#27;[0m&amp#27;[32merror schema response body matches model from documentation&amp#27;[0m                                  &amp#27;[90m# org.iceo.apilayer.steps.GetLatestSteps.errorSchemaResponseBodyMatchesModelFromDocumentation()&amp#27;[0m
]]></system-out>
  </testcase>
  <testcase name="401 - Calling Get /latest with no access token in header | SAD PATH" classname="GET_latest" time="0.537">
    <system-out><![CDATA[
@Fixer
Scenario: 401 - Calling Get /latest with no access token in header | SAD PATH &amp#27;[90m# src/test/resources/features/fixer/latest.feature:28&amp#27;[0m
  &amp#27;[32mWhen &amp#27;[0m&amp#27;[32mI call GET_latest endpoint &amp#27;[0m&amp#27;[32m&amp#27;[1m/latest&amp#27;[0m&amp#27;[32m with no access token in header&amp#27;[0m      &amp#27;[90m# org.iceo.apilayer.steps.GetLatestSteps.iCallGetEndpointWithNoAccessTokenInHeader(java.lang.String)&amp#27;[0m
  &amp#27;[32mThen &amp#27;[0m&amp#27;[32mI receive &amp#27;[0m&amp#27;[32m&amp#27;[1m401&amp#27;[0m&amp#27;[32m code&amp#27;[0m                                                     &amp#27;[90m# org.iceo.apilayer.steps.GetLatestSteps.iReceiveCode(int)&amp#27;[0m
  &amp#27;[32mAnd &amp#27;[0m&amp#27;[32mno token error schema response body matches model from documentation&amp#27;[0m    &amp#27;[90m# org.iceo.apilayer.steps.GetLatestSteps.noTokenErrorSchemaResponseBodyMatchesModelFromDocumentation()&amp#27;[0m
]]></system-out>
  </testcase>
</testsuite>